Change Component Footprint: Designator=L1 Old Footprint=2.2uH inductor New Footprint=2.2uH inductor
Change Component Footprint: Designator=L2 Old Footprint=2.2uH inductor New Footprint=2.2uH inductor
Added Pin To Net: NetName=+3V3 Pin=C7-2
Added Pin To Net: NetName=+5V_USB Pin=C8-2
Added Pin To Net: NetName=+5V_USB Pin=C9-2
Added Pin To Net: NetName=+3V3 Pin=C10-2
Added Pin To Net: NetName=+5V_USB Pin=C11-2
Added Pin To Net: NetName=+5V_USB Pin=C12-2
Added Pin To Net: NetName=+3V3 Pin=C13-2
Added Pin To Net: NetName=+3V3 Pin=C14-2
Added Pin To Net: NetName=+3V3 Pin=C15-2
Added Pin To Net: NetName=+5V_USB Pin=C18-2
Added Pin To Net: NetName=+5V_USB Pin=C19-2
Added Pin To Net: NetName=+5V Pin=C20-2
Added Pin To Net: NetName=+5V Pin=C21-2
Added Pin To Net: NetName=+5V Pin=C22-2
Add Pin To Net: Unknown Pin: Pin J5-2
Add Pin To Net: Unknown Pin: Pin J9-2
Added Pin To Net: NetName=NetC6_2 Pin=C6-2
Added Pin To Net: NetName=NetC6_2 Pin=L1-1
Added Pin To Net: NetName=NetC6_2 Pin=U3-2
Added Net: Name=NetC6_2
Add Differential Pair: Number of nets in differential pair NetR3_1 is 1 instead of 2
Add Differential Pair: Number of nets in differential pair NetR6_1 is 1 instead of 2
Add Differential Pair: Number of nets in differential pair NetR8_2 is 1 instead of 2
Add Differential Pair: Number of nets in differential pair NetR9_2 is 1 instead of 2
Add Differential Pair: Number of nets in differential pair USB_D+ is 1 instead of 2
Add Differential Pair: Number of nets in differential pair USB_D- is 1 instead of 2
